==9959== Memcheck, a memory error detector
==9959== Copyright (C) 2002-2017, and GNU GPL'd, by Julian Seward et al.
==9959== Using Valgrind-3.15.0-608cb11914-20190413 and LibVEX; rerun with -h for copyright info
==9959== Command: ./3.cpp
==9959== Parent PID: 9405
==9959== 
--9959-- 
--9959-- Valgrind options:
--9959--    --leak-check=full
--9959--    --log-file=3_blockMatrix.out
--9959--    -v
--9959-- Contents of /proc/version:
--9959--   Linux version 4.4.0-18362-Microsoft (Microsoft@Microsoft.com) (gcc version 5.4.0 (GCC) ) #1049-Microsoft Thu Aug 14 12:01:00 PST 2020
--9959-- 
--9959-- Arch and hwcaps: AMD64, LittleEndian, amd64-cx16-lzcnt-rdtscp-sse3-ssse3-avx-avx2-bmi-f16c-rdrand
--9959-- Page sizes: currently 4096, max supported 4096
--9959-- Valgrind library directory: /usr/lib/x86_64-linux-gnu/valgrind
--9959-- Reading syms from /usr/bin/dash
--9959--    object doesn't have a symbol table
--9959-- Reading syms from /usr/lib/x86_64-linux-gnu/ld-2.31.so
--9959--   Considering /usr/lib/x86_64-linux-gnu/ld-2.31.so ..
--9959--   .. CRC mismatch (computed 6cded93a wanted 1af57820)
--9959--   Considering /lib/x86_64-linux-gnu/ld-2.31.so ..
--9959--   .. CRC mismatch (computed 6cded93a wanted 1af57820)
--9959--   Considering /usr/lib/debug/lib/x86_64-linux-gnu/ld-2.31.so ..
--9959--   .. CRC is valid
--9959-- Reading syms from /usr/lib/x86_64-linux-gnu/valgrind/memcheck-amd64-linux
--9959--    object doesn't have a symbol table
--9959--    object doesn't have a dynamic symbol table
--9959-- Scheduler: using generic scheduler lock implementation.
--9959-- Reading suppressions file: /usr/lib/x86_64-linux-gnu/valgrind/default.supp
==9959== embedded gdbserver: reading from /tmp/vgdb-pipe-from-vgdb-to-9959-by-wootz-on-???
==9959== embedded gdbserver: writing to   /tmp/vgdb-pipe-to-vgdb-from-9959-by-wootz-on-???
==9959== embedded gdbserver: shared mem   /tmp/vgdb-pipe-shared-mem-vgdb-9959-by-wootz-on-???
==9959== 
==9959== TO CONTROL THIS PROCESS USING vgdb (which you probably
==9959== don't want to do, unless you know exactly what you're doing,
==9959== or are doing some strange experiment):
==9959==   /usr/lib/x86_64-linux-gnu/valgrind/../../bin/vgdb --pid=9959 ...command...
==9959== 
==9959== TO DEBUG THIS PROCESS USING GDB: start GDB like this
==9959==   /path/to/gdb ./3.cpp
==9959== and then give GDB the following command
==9959==   target remote | /usr/lib/x86_64-linux-gnu/valgrind/../../bin/vgdb --pid=9959
==9959== --pid is optional if only one valgrind process is running
==9959== 
==9959== error calling PR_SET_PTRACER, vgdb might block
--9959-- REDIR: 0x4022d80 (ld-linux-x86-64.so.2:strlen) redirected to 0x580c9ce2 (???)
--9959-- REDIR: 0x4022b50 (ld-linux-x86-64.so.2:index) redirected to 0x580c9cfc (???)
--9959-- Reading syms from /usr/lib/x86_64-linux-gnu/valgrind/vgpreload_core-amd64-linux.so
--9959--    object doesn't have a symbol table
--9959-- Reading syms from /usr/lib/x86_64-linux-gnu/valgrind/vgpreload_memcheck-amd64-linux.so
--9959--    object doesn't have a symbol table
==9959== WARNING: new redirection conflicts with existing -- ignoring it
--9959--     old: 0x04022d80 (strlen              ) R-> (0000.0) 0x580c9ce2 ???
--9959--     new: 0x04022d80 (strlen              ) R-> (2007.0) 0x0483f060 strlen
--9959-- REDIR: 0x401f560 (ld-linux-x86-64.so.2:strcmp) redirected to 0x483ffd0 (strcmp)
--9959-- REDIR: 0x40232e0 (ld-linux-x86-64.so.2:mempcpy) redirected to 0x4843a20 (mempcpy)
--9959-- Reading syms from /usr/lib/x86_64-linux-gnu/libc-2.31.so
--9959--   Considering /usr/lib/x86_64-linux-gnu/libc-2.31.so ..
--9959--   .. CRC mismatch (computed cd1655d1 wanted 09373696)
--9959--   Considering /lib/x86_64-linux-gnu/libc-2.31.so ..
--9959--   .. CRC mismatch (computed cd1655d1 wanted 09373696)
--9959--   Considering /usr/lib/debug/lib/x86_64-linux-gnu/libc-2.31.so ..
--9959--   .. CRC is valid
--9959-- REDIR: 0x48f5600 (libc.so.6:memmove) redirected to 0x48311d0 (_vgnU_ifunc_wrapper)
--9959-- REDIR: 0x48f4900 (libc.so.6:strncpy) redirected to 0x48311d0 (_vgnU_ifunc_wrapper)
--9959-- REDIR: 0x48f5930 (libc.so.6:strcasecmp) redirected to 0x48311d0 (_vgnU_ifunc_wrapper)
--9959-- REDIR: 0x48f4220 (libc.so.6:strcat) redirected to 0x48311d0 (_vgnU_ifunc_wrapper)
--9959-- REDIR: 0x48f4960 (libc.so.6:rindex) redirected to 0x48311d0 (_vgnU_ifunc_wrapper)
--9959-- REDIR: 0x48f6dd0 (libc.so.6:rawmemchr) redirected to 0x48311d0 (_vgnU_ifunc_wrapper)
--9959-- REDIR: 0x4911e60 (libc.so.6:wmemchr) redirected to 0x48311d0 (_vgnU_ifunc_wrapper)
--9959-- REDIR: 0x49119a0 (libc.so.6:wcscmp) redirected to 0x48311d0 (_vgnU_ifunc_wrapper)
--9959-- REDIR: 0x48f5760 (libc.so.6:mempcpy) redirected to 0x48311d0 (_vgnU_ifunc_wrapper)
--9959-- REDIR: 0x48f5590 (libc.so.6:bcmp) redirected to 0x48311d0 (_vgnU_ifunc_wrapper)
--9959-- REDIR: 0x48f4890 (libc.so.6:strncmp) redirected to 0x48311d0 (_vgnU_ifunc_wrapper)
--9959-- REDIR: 0x48f42d0 (libc.so.6:strcmp) redirected to 0x48311d0 (_vgnU_ifunc_wrapper)
--9959-- REDIR: 0x48f56c0 (libc.so.6:memset) redirected to 0x48311d0 (_vgnU_ifunc_wrapper)
--9959-- REDIR: 0x4911960 (libc.so.6:wcschr) redirected to 0x48311d0 (_vgnU_ifunc_wrapper)
--9959-- REDIR: 0x48f47f0 (libc.so.6:strnlen) redirected to 0x48311d0 (_vgnU_ifunc_wrapper)
--9959-- REDIR: 0x48f43b0 (libc.so.6:strcspn) redirected to 0x48311d0 (_vgnU_ifunc_wrapper)
--9959-- REDIR: 0x48f5980 (libc.so.6:strncasecmp) redirected to 0x48311d0 (_vgnU_ifunc_wrapper)
--9959-- REDIR: 0x48f4350 (libc.so.6:strcpy) redirected to 0x48311d0 (_vgnU_ifunc_wrapper)
--9959-- REDIR: 0x48f5ad0 (libc.so.6:memcpy@@GLIBC_2.14) redirected to 0x48311d0 (_vgnU_ifunc_wrapper)
--9959-- REDIR: 0x49130d0 (libc.so.6:wcsnlen) redirected to 0x48311d0 (_vgnU_ifunc_wrapper)
--9959-- REDIR: 0x49119e0 (libc.so.6:wcscpy) redirected to 0x48311d0 (_vgnU_ifunc_wrapper)
--9959-- REDIR: 0x48f49a0 (libc.so.6:strpbrk) redirected to 0x48311d0 (_vgnU_ifunc_wrapper)
--9959-- REDIR: 0x48f4280 (libc.so.6:index) redirected to 0x48311d0 (_vgnU_ifunc_wrapper)
--9959-- REDIR: 0x48f47b0 (libc.so.6:strlen) redirected to 0x48311d0 (_vgnU_ifunc_wrapper)
--9959-- REDIR: 0x48fdd20 (libc.so.6:memrchr) redirected to 0x48311d0 (_vgnU_ifunc_wrapper)
--9959-- REDIR: 0x48f59d0 (libc.so.6:strcasecmp_l) redirected to 0x48311d0 (_vgnU_ifunc_wrapper)
--9959-- REDIR: 0x48f5550 (libc.so.6:memchr) redirected to 0x48311d0 (_vgnU_ifunc_wrapper)
--9959-- REDIR: 0x4911ab0 (libc.so.6:wcslen) redirected to 0x48311d0 (_vgnU_ifunc_wrapper)
--9959-- REDIR: 0x48f4c60 (libc.so.6:strspn) redirected to 0x48311d0 (_vgnU_ifunc_wrapper)
--9959-- REDIR: 0x48f58d0 (libc.so.6:stpncpy) redirected to 0x48311d0 (_vgnU_ifunc_wrapper)
--9959-- REDIR: 0x48f5870 (libc.so.6:stpcpy) redirected to 0x48311d0 (_vgnU_ifunc_wrapper)
--9959-- REDIR: 0x48f6e10 (libc.so.6:strchrnul) redirected to 0x48311d0 (_vgnU_ifunc_wrapper)
--9959-- REDIR: 0x48f5a20 (libc.so.6:strncasecmp_l) redirected to 0x48311d0 (_vgnU_ifunc_wrapper)
--9959-- REDIR: 0x48f5470 (libc.so.6:strstr) redirected to 0x48311d0 (_vgnU_ifunc_wrapper)
--9959-- REDIR: 0x49dd490 (libc.so.6:__strrchr_avx2) redirected to 0x483ea10 (rindex)
--9959-- REDIR: 0x48ef260 (libc.so.6:malloc) redirected to 0x483b780 (malloc)
--9959-- REDIR: 0x49dd2a0 (libc.so.6:__strchrnul_avx2) redirected to 0x4843540 (strchrnul)
--9959-- REDIR: 0x49dd660 (libc.so.6:__strlen_avx2) redirected to 0x483ef40 (strlen)
--9959-- REDIR: 0x49e0670 (libc.so.6:__memcpy_avx_unaligned_erms) redirected to 0x48429f0 (memmove)
--9959-- REDIR: 0x49e0650 (libc.so.6:__mempcpy_avx_unaligned_erms) redirected to 0x4843660 (mempcpy)
--9959-- REDIR: 0x49d8b60 (libc.so.6:__strcmp_avx2) redirected to 0x483fed0 (strcmp)
--9959-- REDIR: 0x49d87b0 (libc.so.6:__strcspn_sse42) redirected to 0x4843e10 (strcspn)
--9959-- REDIR: 0x49d88f0 (libc.so.6:__strpbrk_sse42) redirected to 0x4843da0 (strpbrk)
--9959-- REDIR: 0x49dd070 (libc.so.6:__strchr_avx2) redirected to 0x483ebf0 (index)
--9959-- REDIR: 0x49deba0 (libc.so.6:__strcpy_avx2) redirected to 0x483f090 (strcpy)
--9959-- REDIR: 0x48ef850 (libc.so.6:free) redirected to 0x483c9d0 (free)
==9959== 
==9959== HEAP SUMMARY:
==9959==     in use at exit: 928 bytes in 24 blocks
==9959==   total heap usage: 35 allocs, 11 frees, 5,072 bytes allocated
==9959== 
==9959== Searching for pointers to 24 not-freed blocks
==9959== Checked 83,160 bytes
==9959== 
==9959== LEAK SUMMARY:
==9959==    definitely lost: 0 bytes in 0 blocks
==9959==    indirectly lost: 0 bytes in 0 blocks
==9959==      possibly lost: 0 bytes in 0 blocks
==9959==    still reachable: 928 bytes in 24 blocks
==9959==         suppressed: 0 bytes in 0 blocks
==9959== Reachable blocks (those to which a pointer was found) are not shown.
==9959== To see them, rerun with: --leak-check=full --show-leak-kinds=all
==9959== 
==9959== ERROR SUMMARY: 0 errors from 0 contexts (suppressed: 0 from 0)
